Started GET "/" for ::1 at 2021-10-27 18:36:21 +0200
Processing by Rails::WelcomeController#index as HTML
  Rendering /Users/kim13karame.com/.rvm/gems/ruby-2.7.4/gems/railties-5.2.6/lib/rails/templates/rails/welcome/index.html.erb
  Rendered /Users/kim13karame.com/.rvm/gems/ruby-2.7.4/gems/railties-5.2.6/lib/rails/templates/rails/welcome/index.html.erb (3.6ms)
Completed 200 OK in 14ms (Views: 9.1ms | ActiveRecord: 0.0ms)


  [1m[35m (0.1ms)[0m  [1m[34mSELECT sqlite_version(*)[0m
  ↳ bin/rails:9
  [1m[35m (1.6ms)[0m  [1m[35mCREATE TABLE "schema_migrations" ("version" varchar NOT NULL PRIMARY KEY)[0m
  ↳ bin/rails:9
  [1m[35m (1.7ms)[0m  [1m[35mCREATE TABLE "ar_internal_metadata" ("key" varchar NOT NULL PRIMARY KEY, "value" varchar, "created_at" datetime NOT NULL, "updated_at" datetime NOT NULL)[0m
  ↳ bin/rails:9
  [1m[35m (0.1ms)[0m  [1m[34mSELECT "schema_migrations"."version" FROM "schema_migrations" ORDER BY "schema_migrations"."version" ASC[0m
  ↳ bin/rails:9
Migrating to CreateDoctors (20211027163723)
  [1m[35m (0.0ms)[0m  [1m[36mbegin transaction[0m
  ↳ bin/rails:9
  [1m[35m (0.4ms)[0m  [1m[35mCREATE TABLE "doctors" ("id" integer PRIMARY KEY AUTOINCREMENT NOT NULL, "first_name" varchar, "last_name" varchar, "specialty" varchar, "zip_code" varchar, "created_at" datetime NOT NULL, "updated_at" datetime NOT NULL)[0m
  ↳ db/migrate/20211027163723_create_doctors.rb:3
  [1m[36mActiveRecord::SchemaMigration Create (0.2ms)[0m  [1m[32mINSERT INTO "schema_migrations" ("version") VALUES (?)[0m  [["version", "20211027163723"]]
  ↳ bin/rails:9
  [1m[35m (0.9ms)[0m  [1m[36mcommit transaction[0m
  ↳ bin/rails:9
Migrating to CreatePatients (20211027163815)
  [1m[35m (0.0ms)[0m  [1m[36mbegin transaction[0m
  ↳ bin/rails:9
  [1m[35m (0.3ms)[0m  [1m[35mCREATE TABLE "patients" ("id" integer PRIMARY KEY AUTOINCREMENT NOT NULL, "first_name" varchar, "last_name" varchar, "created_at" datetime NOT NULL, "updated_at" datetime NOT NULL)[0m
  ↳ db/migrate/20211027163815_create_patients.rb:3
  [1m[36mActiveRecord::SchemaMigration Create (0.1ms)[0m  [1m[32mINSERT INTO "schema_migrations" ("version") VALUES (?)[0m  [["version", "20211027163815"]]
  ↳ bin/rails:9
  [1m[35m (0.9ms)[0m  [1m[36mcommit transaction[0m
  ↳ bin/rails:9
Migrating to CreateAppointments (20211027164251)
  [1m[35m (0.0ms)[0m  [1m[36mbegin transaction[0m
  ↳ bin/rails:9
  [1m[35m (0.4ms)[0m  [1m[35mCREATE TABLE "appointments" ("id" integer PRIMARY KEY AUTOINCREMENT NOT NULL, "date" datetime, "created_at" datetime NOT NULL, "updated_at" datetime NOT NULL)[0m
  ↳ db/migrate/20211027164251_create_appointments.rb:3
  [1m[36mActiveRecord::SchemaMigration Create (0.1ms)[0m  [1m[32mINSERT INTO "schema_migrations" ("version") VALUES (?)[0m  [["version", "20211027164251"]]
  ↳ bin/rails:9
  [1m[35m (0.8ms)[0m  [1m[36mcommit transaction[0m
  ↳ bin/rails:9
  [1m[36mActiveRecord::InternalMetadata Load (0.1ms)[0m  [1m[34mSELECT  "ar_internal_metadata".* FROM "ar_internal_metadata" WHERE "ar_internal_metadata"."key" = ? LIMIT ?[0m  [["key", "environment"], ["LIMIT", 1]]
  ↳ bin/rails:9
  [1m[35m (0.0ms)[0m  [1m[36mbegin transaction[0m
  ↳ bin/rails:9
  [1m[36mActiveRecord::InternalMetadata Create (0.3ms)[0m  [1m[32mINSERT INTO "ar_internal_metadata" ("key", "value", "created_at", "updated_at") VALUES (?, ?, ?, ?)[0m  [["key", "environment"], ["value", "development"], ["created_at", "2021-10-27 16:48:51.572407"], ["updated_at", "2021-10-27 16:48:51.572407"]]
  ↳ bin/rails:9
  [1m[35m (0.6ms)[0m  [1m[36mcommit transaction[0m
  ↳ bin/rails:9
  [1m[35m (0.1ms)[0m  [1m[34mSELECT "schema_migrations"."version" FROM "schema_migrations" ORDER BY "schema_migrations"."version" ASC[0m
  ↳ bin/rails:9
  [1m[35m (0.1ms)[0m  [1m[34mSELECT "schema_migrations"."version" FROM "schema_migrations" ORDER BY "schema_migrations"."version" ASC[0m
  ↳ bin/rails:9
  [1m[35m (0.4ms)[0m  [1m[34mSELECT "schema_migrations"."version" FROM "schema_migrations" ORDER BY "schema_migrations"."version" ASC[0m
  ↳ bin/rails:9
  [1m[35m (0.0ms)[0m  [1m[36mbegin transaction[0m
  ↳ db/seeds.rb:9
  [1m[36mPatient Create (1.1ms)[0m  [1m[32mINSERT INTO "patients" ("first_name", "last_name", "created_at", "updated_at") VALUES (?, ?, ?, ?)[0m  [["first_name", "Alyson"], ["last_name", "Harp"], ["created_at", "2021-10-27 17:40:33.082288"], ["updated_at", "2021-10-27 17:40:33.082288"]]
  ↳ db/seeds.rb:9
  [1m[35m (0.8ms)[0m  [1m[36mcommit transaction[0m
  ↳ db/seeds.rb:9
  [1m[35m (0.0ms)[0m  [1m[36mbegin transaction[0m
  ↳ db/seeds.rb:10
  [1m[36mDoctor Create (0.5ms)[0m  [1m[32mINSERT INTO "doctors" ("first_name", "last_name", "created_at", "updated_at") VALUES (?, ?, ?, ?)[0m  [["first_name", "Jared"], ["last_name", "CBDv"], ["created_at", "2021-10-27 17:40:33.103670"], ["updated_at", "2021-10-27 17:40:33.103670"]]
  ↳ db/seeds.rb:10
  [1m[35m (1.0ms)[0m  [1m[36mcommit transaction[0m
  ↳ db/seeds.rb:10
  [1m[35m (0.1ms)[0m  [1m[34mSELECT COUNT(*) FROM "doctors"[0m
  ↳ db/seeds.rb:11
  [1m[36mDoctor Load (0.1ms)[0m  [1m[34mSELECT "doctors".* FROM "doctors"[0m
  ↳ db/seeds.rb:11
  [1m[35m (0.1ms)[0m  [1m[34mSELECT COUNT(*) FROM "patients"[0m
  ↳ db/seeds.rb:11
  [1m[36mPatient Load (0.1ms)[0m  [1m[34mSELECT "patients".* FROM "patients"[0m
  ↳ db/seeds.rb:11
  [1m[35m (0.1ms)[0m  [1m[34mSELECT "schema_migrations"."version" FROM "schema_migrations" ORDER BY "schema_migrations"."version" ASC[0m
  ↳ bin/rails:9
  [1m[35m (0.1ms)[0m  [1m[34mSELECT "schema_migrations"."version" FROM "schema_migrations" ORDER BY "schema_migrations"."version" ASC[0m
  ↳ bin/rails:9
  [1m[35m (0.0ms)[0m  [1m[36mbegin transaction[0m
  ↳ db/seeds.rb:9
  [1m[36mPatient Create (0.4ms)[0m  [1m[32mINSERT INTO "patients" ("first_name", "last_name", "created_at", "updated_at") VALUES (?, ?, ?, ?)[0m  [["first_name", "Tod"], ["last_name", "Lowenbrau"], ["created_at", "2021-10-27 17:41:20.119886"], ["updated_at", "2021-10-27 17:41:20.119886"]]
  ↳ db/seeds.rb:9
  [1m[35m (6.6ms)[0m  [1m[36mcommit transaction[0m
  ↳ db/seeds.rb:9
  [1m[35m (0.1ms)[0m  [1m[36mbegin transaction[0m
  ↳ db/seeds.rb:10
  [1m[36mDoctor Create (0.3ms)[0m  [1m[32mINSERT INTO "doctors" ("first_name", "last_name", "created_at", "updated_at") VALUES (?, ?, ?, ?)[0m  [["first_name", "Augustus"], ["last_name", "CBLa"], ["created_at", "2021-10-27 17:41:20.136272"], ["updated_at", "2021-10-27 17:41:20.136272"]]
  ↳ db/seeds.rb:10
  [1m[35m (0.8ms)[0m  [1m[36mcommit transaction[0m
  ↳ db/seeds.rb:10
  [1m[35m (0.1ms)[0m  [1m[34mSELECT COUNT(*) FROM "doctors"[0m
  ↳ db/seeds.rb:11
  [1m[36mDoctor Load (0.1ms)[0m  [1m[34mSELECT "doctors".* FROM "doctors"[0m
  ↳ db/seeds.rb:11
  [1m[35m (0.1ms)[0m  [1m[34mSELECT COUNT(*) FROM "patients"[0m
  ↳ db/seeds.rb:11
  [1m[36mPatient Load (0.1ms)[0m  [1m[34mSELECT "patients".* FROM "patients"[0m
  ↳ db/seeds.rb:11
  [1m[35m (0.1ms)[0m  [1m[34mSELECT "schema_migrations"."version" FROM "schema_migrations" ORDER BY "schema_migrations"."version" ASC[0m
  ↳ bin/rails:9
  [1m[35m (0.1ms)[0m  [1m[34mSELECT "schema_migrations"."version" FROM "schema_migrations" ORDER BY "schema_migrations"."version" ASC[0m
  ↳ bin/rails:9
  [1m[35m (0.5ms)[0m  [1m[34mSELECT "schema_migrations"."version" FROM "schema_migrations" ORDER BY "schema_migrations"."version" ASC[0m
  ↳ bin/rails:9
  [1m[35m (0.0ms)[0m  [1m[36mbegin transaction[0m
  ↳ db/seeds.rb:11
  [1m[36mPatient Create (1.4ms)[0m  [1m[32mINSERT INTO "patients" ("first_name", "last_name", "created_at", "updated_at") VALUES (?, ?, ?, ?)[0m  [["first_name", "Jon"], ["last_name", "Sierra Nevada"], ["created_at", "2021-10-27 17:48:53.767581"], ["updated_at", "2021-10-27 17:48:53.767581"]]
  ↳ db/seeds.rb:11
  [1m[35m (1.4ms)[0m  [1m[36mcommit transaction[0m
  ↳ db/seeds.rb:11
  [1m[35m (0.1ms)[0m  [1m[36mbegin transaction[0m
  ↳ db/seeds.rb:12
  [1m[36mDoctor Create (1.1ms)[0m  [1m[32mINSERT INTO "doctors" ("first_name", "last_name", "created_at", "updated_at") VALUES (?, ?, ?, ?)[0m  [["first_name", "Ivan"], ["last_name", "CBDa"], ["created_at", "2021-10-27 17:48:53.779095"], ["updated_at", "2021-10-27 17:48:53.779095"]]
  ↳ db/seeds.rb:12
  [1m[35m (0.8ms)[0m  [1m[36mcommit transaction[0m
  ↳ db/seeds.rb:12
  [1m[35m (0.3ms)[0m  [1m[34mSELECT COUNT(*) FROM "doctors"[0m
  ↳ db/seeds.rb:13
  [1m[36mDoctor Load (0.1ms)[0m  [1m[34mSELECT "doctors".* FROM "doctors"[0m
  ↳ db/seeds.rb:13
  [1m[35m (0.1ms)[0m  [1m[34mSELECT COUNT(*) FROM "patients"[0m
  ↳ db/seeds.rb:13
  [1m[36mPatient Load (0.1ms)[0m  [1m[34mSELECT "patients".* FROM "patients"[0m
  ↳ db/seeds.rb:13
  [1m[35m (0.6ms)[0m  [1m[34mSELECT "schema_migrations"."version" FROM "schema_migrations" ORDER BY "schema_migrations"."version" ASC[0m
  ↳ bin/rails:9
  [1m[35m (0.1ms)[0m  [1m[36mbegin transaction[0m
  [1m[36mPatient Create (1.4ms)[0m  [1m[32mINSERT INTO "patients" ("created_at", "updated_at") VALUES (?, ?)[0m  [["created_at", "2021-10-27 18:46:37.807391"], ["updated_at", "2021-10-27 18:46:37.807391"]]
  [1m[35m (1.0ms)[0m  [1m[36mcommit transaction[0m
  [1m[36mPatient Load (0.2ms)[0m  [1m[34mSELECT  "patients".* FROM "patients" LIMIT ?[0m  [["LIMIT", 11]]
  [1m[35m (0.1ms)[0m  [1m[36mbegin transaction[0m
  [1m[36mAppointment Create (0.8ms)[0m  [1m[32mINSERT INTO "appointments" ("created_at", "updated_at") VALUES (?, ?)[0m  [["created_at", "2021-10-27 18:48:50.800392"], ["updated_at", "2021-10-27 18:48:50.800392"]]
  [1m[35m (1.0ms)[0m  [1m[36mcommit transaction[0m
  [1m[36mAppointment Load (0.2ms)[0m  [1m[34mSELECT  "appointments".* FROM "appointments" LIMIT ?[0m  [["LIMIT", 11]]
  [1m[35m (0.6ms)[0m  [1m[34mSELECT "schema_migrations"."version" FROM "schema_migrations" ORDER BY "schema_migrations"."version" ASC[0m
  ↳ bin/rails:9
  [1m[35m (0.0ms)[0m  [1m[36mbegin transaction[0m
  ↳ db/seeds.rb:11
  [1m[36mPatient Create (0.4ms)[0m  [1m[32mINSERT INTO "patients" ("first_name", "last_name", "created_at", "updated_at") VALUES (?, ?, ?, ?)[0m  [["first_name", "Steffanie"], ["last_name", "Fosters"], ["created_at", "2021-10-27 18:50:59.239734"], ["updated_at", "2021-10-27 18:50:59.239734"]]
  ↳ db/seeds.rb:11
  [1m[35m (1.5ms)[0m  [1m[36mcommit transaction[0m
  ↳ db/seeds.rb:11
  [1m[35m (0.0ms)[0m  [1m[36mbegin transaction[0m
  ↳ db/seeds.rb:12
  [1m[36mDoctor Create (0.5ms)[0m  [1m[32mINSERT INTO "doctors" ("first_name", "last_name", "created_at", "updated_at") VALUES (?, ?, ?, ?)[0m  [["first_name", "Junior"], ["last_name", "CBN"], ["created_at", "2021-10-27 18:50:59.249608"], ["updated_at", "2021-10-27 18:50:59.249608"]]
  ↳ db/seeds.rb:12
  [1m[35m (0.7ms)[0m  [1m[36mcommit transaction[0m
  ↳ db/seeds.rb:12
  [1m[35m (0.1ms)[0m  [1m[34mSELECT COUNT(*) FROM "doctors"[0m
  ↳ db/seeds.rb:13
  [1m[36mDoctor Load (0.1ms)[0m  [1m[34mSELECT "doctors".* FROM "doctors"[0m
  ↳ db/seeds.rb:13
  [1m[35m (0.1ms)[0m  [1m[34mSELECT COUNT(*) FROM "patients"[0m
  ↳ db/seeds.rb:13
  [1m[36mPatient Load (0.1ms)[0m  [1m[34mSELECT "patients".* FROM "patients"[0m
  ↳ db/seeds.rb:13
  [1m[35m (0.5ms)[0m  [1m[34mSELECT SUM(subtotal) FROM "doctors"[0m
  [1m[35m (0.1ms)[0m  [1m[36mbegin transaction[0m
  [1m[36mDoctor Create (0.7ms)[0m  [1m[32mINSERT INTO "doctors" ("created_at", "updated_at") VALUES (?, ?)[0m  [["created_at", "2021-10-27 20:43:35.813816"], ["updated_at", "2021-10-27 20:43:35.813816"]]
  [1m[35m (1.1ms)[0m  [1m[36mcommit transaction[0m
  [1m[35m (0.1ms)[0m  [1m[36mbegin transaction[0m
  [1m[36mPatient Create (0.6ms)[0m  [1m[32mINSERT INTO "patients" ("created_at", "updated_at") VALUES (?, ?)[0m  [["created_at", "2021-10-27 20:43:44.503690"], ["updated_at", "2021-10-27 20:43:44.503690"]]
  [1m[35m (1.0ms)[0m  [1m[36mcommit transaction[0m
